\BOOKMARK [0][-]{chapter*.1}{\376\377\000D\000e\000d\000i\000c\000a\000t\000\363\000r\000i\000a}{}% 1
\BOOKMARK [0][-]{chapter*.2}{\376\377\000A\000g\000r\000a\000d\000e\000c\000i\000m\000e\000n\000t\000o\000s}{}% 2
\BOOKMARK [0][-]{chapter.1}{\376\377\000I\000d\000e\000n\000t\000i\000f\000i\000c\000a\000\347\000\343\000o}{}% 3
\BOOKMARK [0][-]{chapter.2}{\376\377\000P\000r\000\351\000-\000F\000U\000R\000G}{}% 4
\BOOKMARK [1][-]{section.2.1}{\376\377\000I\000n\000f\000\342\000n\000c\000i\000a}{chapter.2}% 5
\BOOKMARK [1][-]{section.2.2}{\376\377\000E\000n\000s\000i\000n\000o\000\040\000M\000\351\000d\000i\000o}{chapter.2}% 6
\BOOKMARK [1][-]{section.2.3}{\376\377\000G\000r\000a\000d\000u\000a\000\347\000\343\000o}{chapter.2}% 7
\BOOKMARK [0][-]{chapter.3}{\376\377\000F\000o\000r\000m\000a\000\347\000\343\000o\000\040\000A\000c\000a\000d\000\352\000m\000i\000c\000a}{}% 8
\BOOKMARK [1][-]{section.3.1}{\376\377\000M\000e\000s\000t\000r\000a\000d\000o}{chapter.3}% 9
\BOOKMARK [1][-]{section.3.2}{\376\377\000D\000o\000u\000t\000o\000r\000a\000d\000o}{chapter.3}% 10
\BOOKMARK [1][-]{section.3.3}{\376\377\000P\000\363\000s\000\040\000d\000o\000u\000t\000o\000r\000a\000d\000o}{chapter.3}% 11
\BOOKMARK [0][-]{chapter.4}{\376\377\000O\000\040\000c\000o\000m\000e\000\347\000o\000\040\000d\000a\000\040\000c\000a\000r\000r\000e\000i\000r\000a\000\040\000d\000o\000c\000e\000n\000t\000e\000\040\000n\000a\000\040\000F\000U\000R\000G}{}% 12
\BOOKMARK [1][-]{section.4.1}{\376\377\000A\000\040\000U\000n\000i\000v\000e\000r\000s\000i\000d\000a\000d\000e\000\040\000F\000e\000d\000e\000r\000a\000l\000\040\000d\000o\000\040\000R\000i\000o\000\040\000G\000r\000a\000n\000d\000e\000\040\000-\000\040\000F\000U\000R\000G}{chapter.4}% 13
\BOOKMARK [1][-]{section.4.2}{\376\377\000O\000\040\000C\000e\000n\000t\000r\000o\000\040\000d\000e\000\040\000C\000i\000\352\000n\000c\000i\000a\000s\000\040\000C\000o\000m\000p\000u\000t\000a\000c\000i\000o\000n\000a\000i\000s}{chapter.4}% 14
\BOOKMARK [1][-]{section.4.3}{\376\377\000C\000o\000n\000c\000u\000r\000s\000o\000\040\000e\000\040\000i\000n\000\355\000c\000i\000o\000\040\000n\000a\000\040\000F\000U\000R\000G}{chapter.4}% 15
\BOOKMARK [0][-]{chapter.5}{\376\377\000A\000t\000i\000v\000i\000d\000a\000d\000e\000s\000\040\000d\000e\000\040\000A\000d\000m\000i\000n\000i\000s\000t\000r\000a\000\347\000\343\000o\000\040\000A\000c\000a\000d\000\352\000m\000i\000c\000a\000s}{}% 16
\BOOKMARK [1][-]{section.5.1}{\376\377\000A\000t\000i\000v\000i\000d\000a\000d\000e\000\040\000a}{chapter.5}% 17
\BOOKMARK [1][-]{section.5.2}{\376\377\000A\000t\000i\000v\000i\000d\000a\000d\000e\000\040\000b}{chapter.5}% 18
\BOOKMARK [1][-]{section.5.3}{\376\377\000A\000t\000i\000v\000i\000d\000a\000d\000e\000\040\000c}{chapter.5}% 19
\BOOKMARK [0][-]{chapter.6}{\376\377\000A\000t\000i\000v\000i\000d\000a\000d\000e\000s\000\040\000d\000e\000\040\000E\000n\000s\000i\000n\000o}{}% 20
\BOOKMARK [1][-]{section.6.1}{\376\377\000A\000t\000i\000v\000i\000d\000a\000d\000e\000\040\000a}{chapter.6}% 21
\BOOKMARK [1][-]{section.6.2}{\376\377\000A\000t\000i\000v\000i\000d\000a\000d\000e\000\040\000b}{chapter.6}% 22
\BOOKMARK [1][-]{section.6.3}{\376\377\000A\000t\000i\000v\000i\000d\000a\000d\000e\000\040\000c}{chapter.6}% 23
\BOOKMARK [0][-]{chapter.7}{\376\377\000A\000t\000i\000v\000i\000d\000a\000d\000e\000s\000\040\000d\000e\000\040\000P\000e\000s\000q\000u\000i\000s\000a}{}% 24
\BOOKMARK [1][-]{section.7.1}{\376\377\000A\000t\000i\000v\000i\000d\000a\000d\000e\000\040\000a}{chapter.7}% 25
\BOOKMARK [1][-]{section.7.2}{\376\377\000A\000t\000i\000v\000i\000d\000a\000d\000e\000\040\000b}{chapter.7}% 26
\BOOKMARK [1][-]{section.7.3}{\376\377\000A\000t\000i\000v\000i\000d\000a\000d\000e\000\040\000c}{chapter.7}% 27
\BOOKMARK [0][-]{chapter.8}{\376\377\000A\000t\000i\000v\000i\000d\000a\000d\000e\000s\000\040\000d\000e\000\040\000E\000x\000t\000e\000n\000s\000\343\000o}{}% 28
\BOOKMARK [1][-]{section.8.1}{\376\377\000A\000t\000i\000v\000i\000d\000a\000d\000e\000\040\000a}{chapter.8}% 29
\BOOKMARK [1][-]{section.8.2}{\376\377\000A\000t\000i\000v\000i\000d\000a\000d\000e\000\040\000b}{chapter.8}% 30
\BOOKMARK [1][-]{section.8.3}{\376\377\000A\000t\000i\000v\000i\000d\000a\000d\000e\000\040\000c}{chapter.8}% 31
\BOOKMARK [0][-]{chapter.9}{\376\377\000C\000o\000l\000a\000b\000o\000r\000a\000\347\000\365\000e\000s\000\040\000e\000\040\000R\000e\000d\000e\000s\000\040\000d\000e\000\040\000P\000e\000s\000q\000u\000i\000s\000a}{}% 32
\BOOKMARK [1][-]{section.9.1}{\376\377\000A\000t\000i\000v\000i\000d\000a\000d\000e\000\040\000a}{chapter.9}% 33
\BOOKMARK [1][-]{section.9.2}{\376\377\000A\000t\000i\000v\000i\000d\000a\000d\000e\000\040\000b}{chapter.9}% 34
\BOOKMARK [1][-]{section.9.3}{\376\377\000A\000t\000i\000v\000i\000d\000a\000d\000e\000\040\000c}{chapter.9}% 35
\BOOKMARK [0][-]{chapter.10}{\376\377\000P\000r\000o\000j\000e\000t\000o\000s\000\040\000F\000u\000t\000u\000r\000o\000s}{}% 36
\BOOKMARK [0][-]{chapter.11}{\376\377\000C\000o\000n\000c\000l\000u\000s\000\343\000o}{}% 37
\BOOKMARK [0][-]{appendix.A}{\376\377\000D\000i\000p\000l\000o\000m\000a\000s}{}% 38
\BOOKMARK [1][-]{section.A.1}{\376\377\000C\000u\000r\000s\000o\000\040\000T\000\351\000c\000n\000i\000c\000o}{appendix.A}% 39
\BOOKMARK [1][-]{section.A.2}{\376\377\000G\000r\000a\000d\000u\000a\000\347\000\343\000o}{appendix.A}% 40
\BOOKMARK [1][-]{section.A.3}{\376\377\000M\000e\000s\000t\000r\000a\000d\000o}{appendix.A}% 41
\BOOKMARK [1][-]{section.A.4}{\376\377\000D\000o\000u\000t\000o\000r\000a\000d\000o}{appendix.A}% 42
\BOOKMARK [1][-]{section.A.5}{\376\377\000R\000e\000v\000a\000l\000i\000d\000a\000\347\000\343\000o\000\040\000d\000e\000\040\000D\000o\000u\000t\000o\000r\000a\000d\000o}{appendix.A}% 43
\BOOKMARK [0][-]{appendix.B}{\376\377\000A\000t\000a\000s\000\040\000e\000\040\000P\000o\000r\000t\000a\000r\000i\000a\000s}{}% 44
